<?xml version='1.0' encoding='UTF-8'?>
<testsuite hostname="Erics-MBP.nyc.outbrain.com" name="org.functionalkoans.forscala.Koans" tests="38" errors="0" failures="0" time="-0.038">
                     <properties>
[...]
</properties>
                     <testcase classname="org.functionalkoans.forscala.Koans" name="asserts can take a boolean argument" time="-0.001">
                                                 
                                               </testcase><testcase classname="org.functionalkoans.forscala.Koans" name="asserts can include a message" time="-0.001">
                                                 
                                               </testcase><testcase classname="org.functionalkoans.forscala.Koans" name="true and false values can be compared with should matchers" time="-0.001">
                                                 
                                               </testcase><testcase classname="org.functionalkoans.forscala.Koans" name="booleans in asserts can test equality" time="-0.001">
                                                 
                                               </testcase><testcase classname="org.functionalkoans.forscala.Koans" name="sometimes we expect you to fill in the values" time="-0.001">
                                                 
                                               </testcase><testcase classname="org.functionalkoans.forscala.Koans" name="Vars are variables, and may be reassigned" time="-0.001">
                                                 
                                               </testcase><testcase classname="org.functionalkoans.forscala.Koans" name="vals are values, and may not be reassigned, analogous to final in Java" time="-0.001">
                                                 
                                               </testcase><testcase classname="org.functionalkoans.forscala.Koans" name="All vals and var types are inferred by default, but you can add the type explicitly" time="-0.001">
                                                 
                                               </testcase><testcase classname="org.functionalkoans.forscala.Koans" name="If you want to include a space in your variable or value use backticks" time="-0.001">
                                                 
                                               </testcase><testcase classname="org.functionalkoans.forscala.Koans" name="Any strange characters that you wish to use in a variable or value can be used after an underscore" time="-0.001">
                                                 
                                               </testcase><testcase classname="org.functionalkoans.forscala.Koans" name="Backticks can also be used to spite your co-workers and send them into a spiral of confusion and agony!" time="-0.001">
                                                 
                                               </testcase><testcase classname="org.functionalkoans.forscala.Koans" name=" Note there is no lazy var" time="-0.001">
                                                 
                                               </testcase><testcase classname="org.functionalkoans.forscala.Koans" name="Boolean literals are either true or false, using the true or false keyword" time="-0.001">
                                                 
                                               </testcase><testcase classname="org.functionalkoans.forscala.Koans" name="Integer Literals are 32-bit and can be created from decimal, hexadecimal" time="-0.001">
                                                 
                                               </testcase><testcase classname="org.functionalkoans.forscala.Koans" name="Long Literals are 64 bit, are specified by appending an L or l at the end;
   l is rarely used since it looks like a 1" time="-0.001">
                                                 
                                               </testcase><testcase classname="org.functionalkoans.forscala.Koans" name="
   Exponent are specified using e or E" time="-0.001">
                                                 
                                               </testcase><testcase classname="org.functionalkoans.forscala.Koans" name="Character Literals are quoted with single quotes" time="-0.001">
                                                 
                                               </testcase><testcase classname="org.functionalkoans.forscala.Koans" name="Character Literals can use hexadecimal Unicode" time="-0.001">
                                                 
                                               </testcase><testcase classname="org.functionalkoans.forscala.Koans" name="Character Literals can use octal as well" time="-0.001">
                                                 
                                               </testcase><testcase classname="org.functionalkoans.forscala.Koans" name="Character Literals can use escape sequences" time="-0.001">
                                                 
                                               </testcase><testcase classname="org.functionalkoans.forscala.Koans" name="One-Line String Literals are surrounded by quotation marks" time="-0.001">
                                                 
                                               </testcase><testcase classname="org.functionalkoans.forscala.Koans" name="String Literals can contain escape sequences" time="-0.001">
                                                 
                                               </testcase><testcase classname="org.functionalkoans.forscala.Koans" name="Multiline String literals
	are surrounded
	by three quotation marks" time="-0.001">
                                                 
                                               </testcase><testcase classname="org.functionalkoans.forscala.Koans" name="Use stripMargin to prettify multi-line strings" time="-0.001">
                                                 
                                               </testcase><testcase classname="org.functionalkoans.forscala.Koans" name="
 When a method includes a `=` after the method declaration that
 will infer the return type" time="-0.001">
                                                 
                                               </testcase><testcase classname="org.functionalkoans.forscala.Koans" name="If you want to include the return type explicitly,
 no one will stop you" time="-0.001">
                                                 
                                               </testcase><testcase classname="org.functionalkoans.forscala.Koans" name="If a method returns two different types and no explicit
 return type is defined,
 the type of the method will likely be inferred as the
 common super parent of the two types being returned" time="-0.001">
                                                 
                                               </testcase><testcase classname="org.functionalkoans.forscala.Koans" name="If a method does not of have equal it is considered `Unit` which is analogous to `void` in Java" time="-0.001">
                                                 
                                               </testcase><testcase classname="org.functionalkoans.forscala.Koans" name="If you want to have an = on the method, while still explicitly returning Unit you can make the return type `Unit`,
 this also analogous to `void" time="-0.001">
                                                 
                                               </testcase><testcase classname="org.functionalkoans.forscala.Koans" name="Once you have an =, it is understood that there will be a return type and can be inferred" time="-0.001">
                                                 
                                               </testcase><testcase classname="org.functionalkoans.forscala.Koans" name="Of course if you wish to be explicit about the return type, you can attach it at the end of the method" time="-0.001">
                                                 
                                               </testcase><testcase classname="org.functionalkoans.forscala.Koans" name="When performing recursion, the
return type on the method is mandatory!" time="-0.001">
                                                 
                                               </testcase><testcase classname="org.functionalkoans.forscala.Koans" name=" The 
 Scala compiler will optimize the code from stack recursion into a loop at compile time" time="-0.001">
                                                 
                                               </testcase><testcase classname="org.functionalkoans.forscala.Koans" name="In scala, methods can be placed inside in methods! This comes useful for
 recursion where accumulator helper methods can be placed inside the outer
  method, or you just want to place one method in another for design reasons" time="-0.001">
                                                 
                                               </testcase><testcase classname="org.functionalkoans.forscala.Koans" name="Remember you can have strange characters in values and variables as long as they're
  after an underscore, well you can do the same in methods" time="-0.001">
                                                 
                                               </testcase><testcase classname="org.functionalkoans.forscala.Koans" name=" Although please note that this is uncommon unless you really are into
 internal DSLs" time="-0.001">
                                                 
                                               </testcase><testcase classname="org.functionalkoans.forscala.Koans" name="Convention (not required for the compiler) states that if you a call a method that
returns a Unit, invoke that method with empty parenthesis, other leave the parenthesis out" time="-0.001">
                                                 
                                               </testcase><testcase classname="org.functionalkoans.forscala.Koans" name="Methods with colons are right-associative, that means the object that a method is on will be on
the _right_ and the method parameter will be on the _left_" time="-0.001">
                                                 
                                               </testcase>
                     <system-out></system-out>
                     <system-err></system-err>
                   </testsuite>